Base path: F:/Unity5.0.3/Unity/Editor/Data
Pipe name: \\.\pipe\UnityShaderCompiler-64bit-1-12144
Cmd: getPlatforms
Cmd: compileSnippet
  api=4 type=0 insize=9591 outsize=10342 kw=UNITY_COLORSPACE_GAMMA ok=1
Cmd: compileSnippet
  api=4 type=1 insize=9591 outsize=2623 kw=UNITY_COLORSPACE_GAMMA ok=1
Cmd: preprocess
  insize=238 outsize=238 ok=1
Cmd: preprocess
  insize=2438 outsize=909 ok=1
Cmd: compileSnippet
  api=4 type=0 insize=1831 outsize=1697 kw= ok=1
Cmd: compileSnippet
  api=4 type=1 insize=1831 outsize=1290 kw= ok=1
Cmd: preprocess
  insize=1653 outsize=525 ok=1
Cmd: compileSnippet
  api=4 type=0 insize=1430 outsize=1388 kw= ok=1
Cmd: compileSnippet
  api=4 type=1 insize=1430 outsize=1737 kw= ok=1
Cmd: preprocess
  insize=2433 outsize=510 ok=1
Cmd: compileSnippet
  api=4 type=0 insize=2224 outsize=2078 kw= ok=1
Cmd: compileSnippet
  api=4 type=1 insize=2224 outsize=1632 kw= ok=1
Cmd: preprocess
  insize=2060 outsize=511 ok=1
Cmd: compileSnippet
  api=4 type=0 insize=1851 outsize=1697 kw= ok=1
Cmd: compileSnippet
  api=4 type=1 insize=1851 outsize=1290 kw= ok=1
Cmd: preprocess
  insize=516 outsize=516 ok=1
Cmd: preprocess
  insize=2943 outsize=958 ok=1
Cmd: compileSnippet
  api=4 type=0 insize=2289 outsize=2078 kw= ok=1
Cmd: compileSnippet
  api=4 type=1 insize=2289 outsize=1591 kw= ok=1
Cmd: preprocess
  insize=2568 outsize=956 ok=1
Cmd: compileSnippet
  api=4 type=0 insize=1914 outsize=1697 kw= ok=1
Cmd: compileSnippet
  api=4 type=1 insize=1914 outsize=1250 kw= ok=1
Cmd: preprocess
  insize=1552 outsize=893 ok=1
Cmd: compileSnippet
  api=4 type=0 insize=961 outsize=1193 kw= ok=1
Cmd: compileSnippet
  api=4 type=1 insize=961 outsize=795 kw= ok=1
Cmd: preprocess
  insize=2813 outsize=909 ok=1
Cmd: compileSnippet
  api=4 type=0 insize=2206 outsize=2078 kw= ok=1
Cmd: compileSnippet
  api=4 type=1 insize=2206 outsize=1632 kw= ok=1
Cmd: preprocess
  insize=2029 outsize=956 ok=1
Cmd: compileSnippet
  api=4 type=0 insize=1375 outsize=1388 kw= ok=1
Cmd: compileSnippet
  api=4 type=1 insize=1375 outsize=1128 kw= ok=1
Cmd: preprocess
  insize=1508 outsize=511 ok=1
Cmd: compileSnippet
  api=4 type=0 insize=1299 outsize=1388 kw= ok=1
Cmd: compileSnippet
  api=4 type=1 insize=1299 outsize=1168 kw= ok=1
Cmd: preprocess
  insize=3042 outsize=2110 ok=1
Cmd: compileSnippet
  api=4 type=0 insize=7936 outsize=4768 kw=DIRECTIONAL SHADOWS_OFF LIGHTMAP_OFF DIRLIGHTMAP_OFF DYNAMICLIGHTMAP_OFF ok=1
Cmd: compileSnippet
  api=4 type=1 insize=7936 outsize=3248 kw=DIRECTIONAL SHADOWS_OFF LIGHTMAP_OFF DIRLIGHTMAP_OFF DYNAMICLIGHTMAP_OFF ok=1
Cmd: compileSnippet
  api=4 type=0 insize=5239 outsize=3850 kw=POINT ok=1
Cmd: compileSnippet
  api=4 type=1 insize=5239 outsize=3801 kw=POINT ok=1
Cmd: compileSnippet
  api=4 type=0 insize=4540 outsize=4150 kw= ok=1
Cmd: compileSnippet
  api=4 type=1 insize=4540 outsize=1396 kw= ok=1
Cmd: compileSnippet
  api=4 type=0 insize=7650 outsize=3647 kw=DIRECTIONAL SHADOWS_OFF LIGHTMAP_OFF DIRLIGHTMAP_OFF DYNAMICLIGHTMAP_OFF ok=1
Cmd: compileSnippet
  api=4 type=1 insize=7650 outsize=2387 kw=DIRECTIONAL SHADOWS_OFF LIGHTMAP_OFF DIRLIGHTMAP_OFF DYNAMICLIGHTMAP_OFF ok=1
Cmd: compileSnippet
  api=4 type=0 insize=4344 outsize=2737 kw=POINT ok=1
Cmd: compileSnippet
  api=4 type=1 insize=4344 outsize=2988 kw=POINT ok=1
Cmd: compileSnippet
  api=4 type=0 insize=3684 outsize=2087 kw= ok=1
Cmd: compileSnippet
  api=4 type=1 insize=3684 outsize=1250 kw= ok=1
Cmd: preprocess
  insize=1889 outsize=909 ok=1
Cmd: compileSnippet
  api=4 type=0 insize=1282 outsize=1388 kw= ok=1
Cmd: compileSnippet
  api=4 type=1 insize=1282 outsize=1168 kw= ok=1
Cmd: preprocess
  insize=2580 outsize=527 ok=1
Cmd: compileSnippet
  api=4 type=0 insize=2357 outsize=2078 kw= ok=1
Cmd: compileSnippet
  api=4 type=1 insize=2357 outsize=2257 kw= ok=1
Cmd: preprocess
  insize=469 outsize=469 ok=1
Cmd: preprocess
  insize=1532 outsize=900 ok=1
Cmd: compileSnippet
  api=4 type=0 insize=934 outsize=1193 kw= ok=1
Cmd: compileSnippet
  api=4 type=1 insize=934 outsize=754 kw= ok=1
Cmd: preprocess
  insize=6248 outsize=3909 ok=1
Cmd: compileSnippet
  api=4 type=0 insize=9550 outsize=5361 kw=DIRECTIONAL LIGHTMAP_OFF DIRLIGHTMAP_OFF DYNAMICLIGHTMAP_OFF ok=1
Cmd: compileSnippet
  api=4 type=1 insize=9550 outsize=4321 kw=DIRECTIONAL LIGHTMAP_OFF DIRLIGHTMAP_OFF DYNAMICLIGHTMAP_OFF ok=1
Cmd: compileSnippet
  api=4 type=0 insize=6741 outsize=4443 kw=POINT ok=1
Cmd: compileSnippet
  api=4 type=1 insize=6741 outsize=4825 kw=POINT ok=1
Cmd: compileSnippet
  api=4 type=0 insize=6157 outsize=5012 kw= ok=1
Cmd: compileSnippet
  api=4 type=1 insize=6157 outsize=2525 kw= ok=1
Cmd: compileSnippet
  api=4 type=0 insize=8334 outsize=4914 kw=DIRECTIONAL LIGHTMAP_OFF DIRLIGHTMAP_OFF DYNAMICLIGHTMAP_OFF ok=1
Cmd: compileSnippet
  api=4 type=1 insize=8334 outsize=3866 kw=DIRECTIONAL LIGHTMAP_OFF DIRLIGHTMAP_OFF DYNAMICLIGHTMAP_OFF ok=1
Cmd: compileSnippet
  api=4 type=0 insize=5612 outsize=3996 kw=POINT ok=1
Cmd: compileSnippet
  api=4 type=1 insize=5612 outsize=4337 kw=POINT ok=1
Cmd: compileSnippet
  api=4 type=0 insize=5028 outsize=4297 kw= ok=1
Cmd: compileSnippet
  api=4 type=1 insize=5028 outsize=1818 kw= ok=1
Cmd: compileSnippet
  api=4 type=0 insize=7350 outsize=3793 kw=DIRECTIONAL LIGHTMAP_OFF DIRLIGHTMAP_OFF DYNAMICLIGHTMAP_OFF ok=1
Cmd: compileSnippet
  api=4 type=1 insize=7350 outsize=1802 kw=DIRECTIONAL LIGHTMAP_OFF DIRLIGHTMAP_OFF DYNAMICLIGHTMAP_OFF ok=1
Cmd: compileSnippet
  api=4 type=0 insize=4120 outsize=2883 kw=POINT ok=1
Cmd: compileSnippet
  api=4 type=1 insize=4120 outsize=2436 kw=POINT ok=1
Cmd: compileSnippet
  api=4 type=0 insize=3467 outsize=2615 kw= ok=1
Cmd: compileSnippet
  api=4 type=1 insize=3467 outsize=1721 kw= ok=1
Cmd: preprocess
  insize=1563 outsize=946 ok=1
Cmd: compileSnippet
  api=4 type=0 insize=918 outsize=1193 kw= ok=1
Cmd: compileSnippet
  api=4 type=1 insize=918 outsize=754 kw= ok=1
Cmd: preprocess
  insize=2361 outsize=2709 ok=1
Cmd: compileSnippet
  api=4 type=0 insize=8041 outsize=4768 kw=DIRECTIONAL SHADOWS_OFF LIGHTMAP_OFF DIRLIGHTMAP_OFF DYNAMICLIGHTMAP_OFF ok=1
Cmd: compileSnippet
  api=4 type=1 insize=8041 outsize=3476 kw=DIRECTIONAL SHADOWS_OFF LIGHTMAP_OFF DIRLIGHTMAP_OFF DYNAMICLIGHTMAP_OFF ok=1
Cmd: compileSnippet
  api=4 type=0 insize=5344 outsize=3850 kw=POINT ok=1
Cmd: compileSnippet
  api=4 type=1 insize=5344 outsize=4028 kw=POINT ok=1
Cmd: compileSnippet
  api=4 type=0 insize=4645 outsize=4150 kw= ok=1
Cmd: compileSnippet
  api=4 type=1 insize=4645 outsize=1493 kw= ok=1
Cmd: compileSnippet
  api=4 type=0 insize=6896 outsize=3647 kw=DIRECTIONAL SHADOWS_OFF LIGHTMAP_OFF DIRLIGHTMAP_OFF DYNAMICLIGHTMAP_OFF ok=1
Cmd: compileSnippet
  api=4 type=1 insize=6896 outsize=1396 kw=DIRECTIONAL SHADOWS_OFF LIGHTMAP_OFF DIRLIGHTMAP_OFF DYNAMICLIGHTMAP_OFF ok=1
Cmd: compileSnippet
  api=4 type=0 insize=3733 outsize=2737 kw=POINT ok=1
Cmd: compileSnippet
  api=4 type=1 insize=3733 outsize=2030 kw=POINT ok=1
Cmd: compileSnippet
  api=4 type=0 insize=2891 outsize=2517 kw= ok=1
Cmd: compileSnippet
  api=4 type=1 insize=2891 outsize=681 kw= ok=1
Cmd: compileSnippet
  api=4 type=0 insize=6061 outsize=4061 kw=LIGHTMAP_OFF DIRLIGHTMAP_OFF DYNAMICLIGHTMAP_OFF HDR_LIGHT_PREPASS_OFF ok=1
Cmd: compileSnippet
  api=4 type=1 insize=6061 outsize=1445 kw=LIGHTMAP_OFF DIRLIGHTMAP_OFF DYNAMICLIGHTMAP_OFF HDR_LIGHT_PREPASS_OFF ok=1
Cmd: compileSnippet
  api=4 type=0 insize=6014 outsize=3785 kw=LIGHTMAP_OFF DIRLIGHTMAP_OFF DYNAMICLIGHTMAP_OFF HDR_LIGHT_PREPASS_OFF ok=1
Cmd: compileSnippet
  api=4 type=1 insize=6014 outsize=1729 kw=LIGHTMAP_OFF DIRLIGHTMAP_OFF DYNAMICLIGHTMAP_OFF HDR_LIGHT_PREPASS_OFF ok=1
Cmd: compileSnippet
  api=4 type=0 insize=3082 outsize=2468 kw= ok=1
Cmd: compileSnippet
  api=4 type=1 insize=3082 outsize=1396 kw= ok=1
Cmd: preprocess
  insize=1307 outsize=516 ok=1
Cmd: compileSnippet
  api=4 type=0 insize=1093 outsize=1193 kw= ok=1
Cmd: compileSnippet
  api=4 type=1 insize=1093 outsize=1363 kw= ok=1
Cmd: preprocess
  insize=2205 outsize=525 ok=1
Cmd: compileSnippet
  api=4 type=0 insize=1982 outsize=1697 kw= ok=1
Cmd: compileSnippet
  api=4 type=1 insize=1982 outsize=1916 kw= ok=1
Cmd: preprocess
  insize=1774 outsize=995 ok=1
Cmd: compileSnippet
  api=4 type=0 insize=1081 outsize=1274 kw= ok=1
Cmd: compileSnippet
  api=4 type=1 insize=1081 outsize=990 kw= ok=1
Cmd: compileSnippet
  api=4 type=0 insize=541 outsize=3517 kw=SHADOWS_DEPTH ok=1
Cmd: compileSnippet
  api=4 type=1 insize=541 outsize=437 kw=SHADOWS_DEPTH ok=1
Cmd: compileSnippet
  api=4 type=0 insize=6810 outsize=3647 kw=DIRECTIONAL SHADOWS_OFF LIGHTMAP_OFF DIRLIGHTMAP_OFF DYNAMICLIGHTMAP_OFF ok=1
Cmd: compileSnippet
  api=4 type=1 insize=6810 outsize=1298 kw=DIRECTIONAL SHADOWS_OFF LIGHTMAP_OFF DIRLIGHTMAP_OFF DYNAMICLIGHTMAP_OFF ok=1
Cmd: compileSnippet
  api=4 type=0 insize=3647 outsize=2737 kw=DIRECTIONAL ok=1
Cmd: compileSnippet
  api=4 type=1 insize=3647 outsize=1152 kw=DIRECTIONAL ok=1
Cmd: compileSnippet
  api=4 type=0 insize=5344 outsize=3850 kw=DIRECTIONAL ok=1
Cmd: compileSnippet
  api=4 type=1 insize=5344 outsize=3281 kw=DIRECTIONAL ok=1
Cmd: compileSnippet
  api=4 type=0 insize=990 outsize=1071 kw= ok=1
Cmd: compileSnippet
  api=4 type=1 insize=990 outsize=697 kw= ok=1
Cmd: compileSnippet
  api=4 type=0 insize=5239 outsize=3850 kw=DIRECTIONAL ok=1
Cmd: compileSnippet
  api=4 type=1 insize=5239 outsize=3053 kw=DIRECTIONAL ok=1
Cmd: compileSnippet
  api=4 type=0 insize=577 outsize=3517 kw=SHADOWS_DEPTH ok=1
Cmd: compileSnippet
  api=4 type=1 insize=577 outsize=437 kw=SHADOWS_DEPTH ok=1
Cmd: compileSnippet
  api=4 type=0 insize=7080 outsize=4768 kw=DIRECTIONAL SHADOWS_OFF LIGHTMAP_OFF DIRLIGHTMAP_OFF DYNAMICLIGHTMAP_OFF ok=1
Cmd: compileSnippet
  api=4 type=1 insize=7080 outsize=1973 kw=DIRECTIONAL SHADOWS_OFF LIGHTMAP_OFF DIRLIGHTMAP_OFF DYNAMICLIGHTMAP_OFF ok=1
Cmd: compileSnippet
  api=4 type=0 insize=6741 outsize=4443 kw=DIRECTIONAL ok=1
Cmd: compileSnippet
  api=4 type=1 insize=6741 outsize=4077 kw=DIRECTIONAL ok=1
Cmd: compileSnippet
  api=4 type=0 insize=751 outsize=3517 kw=SHADOWS_DEPTH ok=1
Cmd: compileSnippet
  api=4 type=1 insize=751 outsize=364 kw=SHADOWS_DEPTH ok=1
Cmd: compileSnippet
  api=4 type=0 insize=982 outsize=3963 kw=DIRECTIONAL SHADOWS_OFF LIGHTMAP_OFF DIRLIGHTMAP_OFF DYNAMICLIGHTMAP_OFF ok=1
Cmd: compileSnippet
  api=4 type=1 insize=982 outsize=10545 kw=DIRECTIONAL SHADOWS_OFF LIGHTMAP_OFF DIRLIGHTMAP_OFF DYNAMICLIGHTMAP_OFF ok=1
Cmd: compileSnippet
  api=4 type=0 insize=938 outsize=4020 kw=DIRECTIONAL SHADOWS_OFF ok=1
Cmd: compileSnippet
  api=4 type=1 insize=938 outsize=5499 kw=DIRECTIONAL SHADOWS_OFF ok=1
Cmd: preprocess
  insize=238 outsize=238 ok=1
Cmd: preprocess
  insize=2438 outsize=909 ok=1
Cmd: preprocess
  insize=1653 outsize=525 ok=1
Cmd: preprocess
  insize=2433 outsize=510 ok=1
Cmd: preprocess
  insize=2060 outsize=511 ok=1
Cmd: preprocess
  insize=516 outsize=516 ok=1
Cmd: preprocess
  insize=2943 outsize=958 ok=1
Cmd: preprocess
  insize=2568 outsize=956 ok=1
Cmd: preprocess
  insize=1552 outsize=893 ok=1
Cmd: preprocess
  insize=2813 outsize=909 ok=1
Cmd: preprocess
  insize=2029 outsize=956 ok=1
Cmd: preprocess
  insize=1508 outsize=511 ok=1
Cmd: preprocess
  insize=3042 outsize=2110 ok=1
Cmd: preprocess
  insize=1889 outsize=909 ok=1
Cmd: preprocess
  insize=2580 outsize=527 ok=1
Cmd: preprocess
  insize=469 outsize=469 ok=1
Cmd: preprocess
  insize=1532 outsize=900 ok=1
Cmd: preprocess
  insize=6248 outsize=3909 ok=1
Cmd: preprocess
  insize=1563 outsize=946 ok=1
Cmd: preprocess
  insize=2361 outsize=2709 ok=1
Cmd: preprocess
  insize=1307 outsize=516 ok=1
Cmd: preprocess
  insize=2205 outsize=525 ok=1
Cmd: preprocess
  insize=1774 outsize=995 ok=1
